# List of bad bots
Baiduspider
Sosospider
Sogou
ZumBot
Yandex
MJ12bot
rojerbot
Exabot
dotbot
gigabot
AhrefsBot
accelobot
searchmetrics
awcheckBot
CompSpyBot
EasouSpider
purebot
Ezooms
SurveyBot
sitebot
dotnetdotcom
dotbot
SolomonoBot
ZmEu
lipperhey
WBSearchBot
Snoopy
AhrefsBot
DinoPing
dataprovider\.com
discoverybot
www\.integromedb\.org
360Spider
80legs
YamanaLab-Robot
ip\-web\-crawler\.com
Aboundex
Sleuth
NCBot
JikeSpider
Curious
visaduhoc\.info
SemrushBot
archive\.org_bot
Dow\ Jones\ Searchbot
SISTRIX
brandwatch\.net
magpie\-crawler
YoudaoBot
TurnitinBot
aiHitBot
PeoplePal
EzineArticlesLinkScanner
ProCogSEOBot
ScreenerBot
PagesInventory
SeznamBot
